21:59:59.777: 扭曲：39.80004000000292
21:59:59.777: 成本：80.0
21:59:59.777: 1.09106 111.566 121.765
21:59:59.777: EURUSDUSDJPYEURJPY
21:59:59.777: AAB

21:59:59.948: 扭曲：39.65293000000258
21:59:59.948: 成本：80.0
21:59:59.948: 1.09127 111.541 121.761
21:59:59.948: EURUSDUSDJPYEURJPY
21:59:59.948: AAB

22:00:00.120: 扭曲：33.77560000001267
22:00:00.120: 成本：80.0
22:00:00.120: 1.0916 111.509 121.757
22:00:00.120: EURUSDUSDJPYEURJPY
22:00:00.120: AAB

22:00:00.962: 扭曲：1.791599999975801
22:00:00.962: 成本：80.0
22:00:00.962: 1.09183 111.48 121.719
22:00:00.962: EURUSDUSDJPYEURJPY
22:00:00.962: AAB

22:00:01.243: 扭曲：3.181859999983772
22:00:01.243: 成本：80.0
22:00:01.243: 1.09182 111.477 121.716
22:00:01.243: EURUSDUSDJPYEURJPY
22:00:01.243: AAB

22:00:02.132: 扭曲：3.663940000024013
22:00:02.132: 成本：80.0
22:00:02.132: 1.09177 111.478 121.712
22:00:02.132: EURUSDUSDJPYEURJPY
22:00:02.132: AAB

22:00:02.507: 扭曲：4.732720000006907
22:00:02.507: 成本：80.0
22:00:02.507: 1.09178 111.476 121.712
22:00:02.507: EURUSDUSDJPYEURJPY
22:00:02.507: AAB

22:00:02.678: 扭曲：4.70975000000351
22:00:02.678: 成本：80.0
22:00:02.678: 1.09179 111.475 121.712
22:00:02.678: EURUSDUSDJPYEURJPY
22:00:02.678: AAB

22:00:03.193: 扭曲：5.801539999993111
22:00:03.193: 成本：80.0
22:00:03.193: 1.09179 111.474 121.712
22:00:03.193: EURUSDUSDJPYEURJPY
22:00:03.193: AAB

22:00:03.380: 扭曲：9.076909999990335
22:00:03.380: 成本：80.0
22:00:03.380: 1.09179 111.471 121.712
22:00:03.380: EURUSDUSDJPYEURJPY
22:00:03.380: AAB

00:51:32.866: 扭曲：3.769359999992616
00:51:32.866: 成本：80.0
00:51:32.866: 1.09124 111.686 121.88
00:51:32.866: EURUSDUSDJPYEURJPY
00:51:32.866: AAB

13:25:45.917: 扭曲：41.24359999998717
13:25:45.917: 成本：80.0
13:25:45.917: 1.0919 111.956 122.286
13:25:45.917: EURUSDUSDJPYEURJPY
13:25:45.917: AAB

13:32:05.886: 扭曲：0.4007599999908962
13:32:05.886: 成本：80.0
13:32:05.886: 1.09244 111.971 122.322
13:32:05.886: EURUSDUSDJPYEURJPY
13:32:05.886: AAB